This is pdfeTeX, Version 3.141592-1.21a-2.2 (Web2C 7.5.4) (format=latex 2008.3.2)  30 APR 2009 09:18
entering extended mode
**SCAN/bkg_Char.tex
(./SCAN/bkg_Char.tex
LaTeX2e <2003/12/01>
Babel <v3.8d> and hyphenation patterns for american, french, german, ngerman, b
ahasa, basque, bulgarian, catalan, croatian, czech, danish, dutch, esperanto, e
stonian, finnish, greek, icelandic, irish, italian, latin, magyar, norsk, polis
h, portuges, romanian, russian, serbian, slovak, slovene, spanish, swedish, tur
kish, ukrainian, nohyphenation, loaded.

(/afs/slac.stanford.edu/package/tww/8.3/@sys/TWWfsw/tetex30p/texmf/tex/latex/ba
se/article.cls
Document Class: article 2004/02/16 v1.4f Standard LaTeX document class

(/afs/slac.stanford.edu/package/tww/8.3/@sys/TWWfsw/tetex30p/texmf/tex/latex/ba
se/size10.clo
File: size10.clo 2004/02/16 v1.4f Standard LaTeX file (size option)
)
\c@part=\count79
\c@section=\count80
\c@subsection=\count81
\c@subsubsection=\count82
\c@paragraph=\count83
\c@subparagraph=\count84
\c@figure=\count85
\c@table=\count86
\abovecaptionskip=\skip41
\belowcaptionskip=\skip42
\bibindent=\dimen102
)
(/afs/slac.stanford.edu/package/tww/8.3/@sys/TWWfsw/tetex30p/texmf/tex/latex/gr
aphics/graphicx.sty
Package: graphicx 1999/02/16 v1.0f Enhanced LaTeX Graphics (DPC,SPQR)

(/afs/slac.stanford.edu/package/tww/8.3/@sys/TWWfsw/tetex30p/texmf/tex/latex/gr
aphics/keyval.sty
Package: keyval 1999/03/16 v1.13 key=value parser (DPC)
\KV@toks@=\toks14
)
(/afs/slac.stanford.edu/package/tww/8.3/@sys/TWWfsw/tetex30p/texmf/tex/latex/gr
aphics/graphics.sty
Package: graphics 2001/07/07 v1.0n Standard LaTeX Graphics (DPC,SPQR)

(/afs/slac.stanford.edu/package/tww/8.3/@sys/TWWfsw/tetex30p/texmf/tex/latex/gr
aphics/trig.sty
Package: trig 1999/03/16 v1.09 sin cos tan (DPC)
)
(/afs/slac.stanford.edu/package/tww/8.3/@sys/TWWfsw/tetex30p/texmf/tex/latex/gr
aphics/graphics.cfg
File: graphics.cfg 2005/02/03 v1.3 graphics configuration of teTeX/TeXLive
)
Package graphics Info: Driver file: dvips.def on input line 80.

(/afs/slac.stanford.edu/package/tww/8.3/@sys/TWWfsw/tetex30p/texmf/tex/latex/gr
aphics/dvips.def
File: dvips.def 1999/02/16 v3.0i Driver-dependant file (DPC,SPQR)
))
\Gin@req@height=\dimen103
\Gin@req@width=\dimen104
)
(/afs/slac.stanford.edu/package/tww/8.3/@sys/TWWfsw/tetex30p/texmf/tex/latex/am
smath/amsmath.sty
Package: amsmath 2000/07/18 v2.13 AMS math features
\@mathmargin=\skip43

For additional information on amsmath, use the `?' option.

(/afs/slac.stanford.edu/package/tww/8.3/@sys/TWWfsw/tetex30p/texmf/tex/latex/am
smath/amstext.sty
Package: amstext 2000/06/29 v2.01

(/afs/slac.stanford.edu/package/tww/8.3/@sys/TWWfsw/tetex30p/texmf/tex/latex/am
smath/amsgen.sty
File: amsgen.sty 1999/11/30 v2.0
\@emptytoks=\toks15
\ex@=\dimen105
))
(/afs/slac.stanford.edu/package/tww/8.3/@sys/TWWfsw/tetex30p/texmf/tex/latex/am
smath/amsbsy.sty
Package: amsbsy 1999/11/29 v1.2d
\pmbraise@=\dimen106
)
(/afs/slac.stanford.edu/package/tww/8.3/@sys/TWWfsw/tetex30p/texmf/tex/latex/am
smath/amsopn.sty
Package: amsopn 1999/12/14 v2.01 operator names
)
\inf@bad=\count87
LaTeX Info: Redefining \frac on input line 211.
\uproot@=\count88
\leftroot@=\count89
LaTeX Info: Redefining \overline on input line 307.
\classnum@=\count90
\DOTSCASE@=\count91
LaTeX Info: Redefining \ldots on input line 379.
LaTeX Info: Redefining \dots on input line 382.
LaTeX Info: Redefining \cdots on input line 467.
\Mathstrutbox@=\box26
\strutbox@=\box27
\big@size=\dimen107
LaTeX Font Info:    Redeclaring font encoding OML on input line 567.
LaTeX Font Info:    Redeclaring font encoding OMS on input line 568.
\macc@depth=\count92
\c@MaxMatrixCols=\count93
\dotsspace@=\muskip10
\c@parentequation=\count94
\dspbrk@lvl=\count95
\tag@help=\toks16
\row@=\count96
\column@=\count97
\maxfields@=\count98
\andhelp@=\toks17
\eqnshift@=\dimen108
\alignsep@=\dimen109
\tagshift@=\dimen110
\tagwidth@=\dimen111
\totwidth@=\dimen112
\lineht@=\dimen113
\@envbody=\toks18
\multlinegap=\skip44
\multlinetaggap=\skip45
\mathdisplay@stack=\toks19
LaTeX Info: Redefining \[ on input line 2666.
LaTeX Info: Redefining \] on input line 2667.
)
(/afs/slac.stanford.edu/package/tww/8.3/@sys/TWWfsw/tetex30p/texmf/tex/latex/am
sfonts/amssymb.sty
Package: amssymb 2002/01/22 v2.2d

(/afs/slac.stanford.edu/package/tww/8.3/@sys/TWWfsw/tetex30p/texmf/tex/latex/am
sfonts/amsfonts.sty
Package: amsfonts 2001/10/25 v2.2f
\symAMSa=\mathgroup4
\symAMSb=\mathgroup5
LaTeX Font Info:    Overwriting math alphabet `\mathfrak' in version `bold'
(Font)                  U/euf/m/n --> U/euf/b/n on input line 132.
)) (./bkg_Char.aux)
\openout1 = `bkg_Char.aux'.

LaTeX Font Info:    Checking defaults for OML/cmm/m/it on input line 11.
LaTeX Font Info:    ... okay on input line 11.
LaTeX Font Info:    Checking defaults for T1/cmr/m/n on input line 11.
LaTeX Font Info:    ... okay on input line 11.
LaTeX Font Info:    Checking defaults for OT1/cmr/m/n on input line 11.
LaTeX Font Info:    ... okay on input line 11.
LaTeX Font Info:    Checking defaults for OMS/cmsy/m/n on input line 11.
LaTeX Font Info:    ... okay on input line 11.
LaTeX Font Info:    Checking defaults for OMX/cmex/m/n on input line 11.
LaTeX Font Info:    ... okay on input line 11.
LaTeX Font Info:    Checking defaults for U/cmr/m/n on input line 11.
LaTeX Font Info:    ... okay on input line 11.
LaTeX Font Info:    Try loading font information for U+msa on input line 16.

(/afs/slac.stanford.edu/package/tww/8.3/@sys/TWWfsw/tetex30p/texmf/tex/latex/am
sfonts/umsa.fd
File: umsa.fd 2002/01/19 v2.2g AMS font definitions
)
LaTeX Font Info:    Try loading font information for U+msb on input line 16.

(/afs/slac.stanford.edu/package/tww/8.3/@sys/TWWfsw/tetex30p/texmf/tex/latex/am
sfonts/umsb.fd
File: umsb.fd 2002/01/19 v2.2g AMS font definitions
)
Overfull \hbox (122.58914pt too wide) in paragraph at lines 99--180
 [] 
 []

[1

] [2]
Overfull \hbox (14.52966pt too wide) in paragraph at lines 274--291
 [] 
 []

[3]
Overfull \hbox (135.9442pt too wide) in paragraph at lines 369--424
 [] 
 []

[4] [5] [6] [7]
Overfull \hbox (84.9407pt too wide) in paragraph at lines 822--847
 [] 
 []

[8] [9] [10] [11] [12] [13]
Overfull \hbox (87.05669pt too wide) in paragraph at lines 1594--1625
 [] 
 []

[14] [15] [16] [17] [18] [19] [20] [21] [22] [23] [24] [25] [26] [27] [28]
[29] [30] [31] (./bkg_Char.aux) ) 
Here is how much of TeX's memory you used:
 1383 strings out of 94501
 17324 string characters out of 1175160
 112769 words of memory out of 1000000
 4583 multiletter control sequences out of 10000+50000
 5495 words of font info for 21 fonts, out of 500000 for 2000
 580 hyphenation exceptions out of 1000
 27i,9n,24p,639b,176s stack positions out of 1500i,500n,5000p,200000b,10000s

Output written on bkg_Char.dvi (31 pages, 294088 bytes).
